INFO: [VRFC 10-2263] Analyzing Verilog file "C:/Users/amcen/Documents/capstone project vivado files/implemented-karatsuba-9dsp/implemented_karatsuba.sim/sim_1/impl/timing/xsim/karatmult_64x64_tb_time_impl.v" into library xil_defaultlib
INFO: [VRFC 10-311] analyzing module DSP48E2_UNIQ_BASE_
INFO: [VRFC 10-311] analyzing module DSP48E2_HD404
INFO: [VRFC 10-311] analyzing module DSP48E2_HD405
INFO: [VRFC 10-311] analyzing module DSP48E2_HD406
INFO: [VRFC 10-311] analyzing module DSP48E2_HD407
INFO: [VRFC 10-311] analyzing module DSP48E2_HD408
INFO: [VRFC 10-311] analyzing module DSP48E2_HD409
INFO: [VRFC 10-311] analyzing module DSP48E2_HD410
INFO: [VRFC 10-311] analyzing module DSP48E2_HD411
INFO: [VRFC 10-311] analyzing module IBUF_UNIQ_BASE_
INFO: [VRFC 10-311] analyzing module IBUF_HD276
INFO: [VRFC 10-311] analyzing module IBUF_HD277
INFO: [VRFC 10-311] analyzing module IBUF_HD278
INFO: [VRFC 10-311] analyzing module IBUF_HD279
INFO: [VRFC 10-311] analyzing module IBUF_HD280
INFO: [VRFC 10-311] analyzing module IBUF_HD281
INFO: [VRFC 10-311] analyzing module IBUF_HD282
INFO: [VRFC 10-311] analyzing module IBUF_HD283
INFO: [VRFC 10-311] analyzing module IBUF_HD284
INFO: [VRFC 10-311] analyzing module IBUF_HD285
INFO: [VRFC 10-311] analyzing module IBUF_HD286
INFO: [VRFC 10-311] analyzing module IBUF_HD287
INFO: [VRFC 10-311] analyzing module IBUF_HD288
INFO: [VRFC 10-311] analyzing module IBUF_HD289
INFO: [VRFC 10-311] analyzing module IBUF_HD290
INFO: [VRFC 10-311] analyzing module IBUF_HD291
INFO: [VRFC 10-311] analyzing module IBUF_HD292
INFO: [VRFC 10-311] analyzing module IBUF_HD293
INFO: [VRFC 10-311] analyzing module IBUF_HD294
INFO: [VRFC 10-311] analyzing module IBUF_HD295
INFO: [VRFC 10-311] analyzing module IBUF_HD296
INFO: [VRFC 10-311] analyzing module IBUF_HD297
INFO: [VRFC 10-311] analyzing module IBUF_HD298
INFO: [VRFC 10-311] analyzing module IBUF_HD299
INFO: [VRFC 10-311] analyzing module IBUF_HD300
INFO: [VRFC 10-311] analyzing module IBUF_HD301
INFO: [VRFC 10-311] analyzing module IBUF_HD302
INFO: [VRFC 10-311] analyzing module IBUF_HD303
INFO: [VRFC 10-311] analyzing module IBUF_HD304
INFO: [VRFC 10-311] analyzing module IBUF_HD305
INFO: [VRFC 10-311] analyzing module IBUF_HD306
INFO: [VRFC 10-311] analyzing module IBUF_HD307
INFO: [VRFC 10-311] analyzing module IBUF_HD308
INFO: [VRFC 10-311] analyzing module IBUF_HD309
INFO: [VRFC 10-311] analyzing module IBUF_HD310
INFO: [VRFC 10-311] analyzing module IBUF_HD311
INFO: [VRFC 10-311] analyzing module IBUF_HD312
INFO: [VRFC 10-311] analyzing module IBUF_HD313
INFO: [VRFC 10-311] analyzing module IBUF_HD314
INFO: [VRFC 10-311] analyzing module IBUF_HD315
INFO: [VRFC 10-311] analyzing module IBUF_HD316
INFO: [VRFC 10-311] analyzing module IBUF_HD317
INFO: [VRFC 10-311] analyzing module IBUF_HD318
INFO: [VRFC 10-311] analyzing module IBUF_HD319
INFO: [VRFC 10-311] analyzing module IBUF_HD320
INFO: [VRFC 10-311] analyzing module IBUF_HD321
INFO: [VRFC 10-311] analyzing module IBUF_HD322
INFO: [VRFC 10-311] analyzing module IBUF_HD323
INFO: [VRFC 10-311] analyzing module IBUF_HD324
INFO: [VRFC 10-311] analyzing module IBUF_HD325
INFO: [VRFC 10-311] analyzing module IBUF_HD326
INFO: [VRFC 10-311] analyzing module IBUF_HD327
INFO: [VRFC 10-311] analyzing module IBUF_HD328
INFO: [VRFC 10-311] analyzing module IBUF_HD329
INFO: [VRFC 10-311] analyzing module IBUF_HD330
INFO: [VRFC 10-311] analyzing module IBUF_HD331
INFO: [VRFC 10-311] analyzing module IBUF_HD332
INFO: [VRFC 10-311] analyzing module IBUF_HD333
INFO: [VRFC 10-311] analyzing module IBUF_HD334
INFO: [VRFC 10-311] analyzing module IBUF_HD335
INFO: [VRFC 10-311] analyzing module IBUF_HD336
INFO: [VRFC 10-311] analyzing module IBUF_HD337
INFO: [VRFC 10-311] analyzing module IBUF_HD338
INFO: [VRFC 10-311] analyzing module IBUF_HD339
INFO: [VRFC 10-311] analyzing module IBUF_HD340
INFO: [VRFC 10-311] analyzing module IBUF_HD341
INFO: [VRFC 10-311] analyzing module IBUF_HD342
INFO: [VRFC 10-311] analyzing module IBUF_HD343
INFO: [VRFC 10-311] analyzing module IBUF_HD344
INFO: [VRFC 10-311] analyzing module IBUF_HD345
INFO: [VRFC 10-311] analyzing module IBUF_HD346
INFO: [VRFC 10-311] analyzing module IBUF_HD347
INFO: [VRFC 10-311] analyzing module IBUF_HD348
INFO: [VRFC 10-311] analyzing module IBUF_HD349
INFO: [VRFC 10-311] analyzing module IBUF_HD350
INFO: [VRFC 10-311] analyzing module IBUF_HD351
INFO: [VRFC 10-311] analyzing module IBUF_HD352
INFO: [VRFC 10-311] analyzing module IBUF_HD353
INFO: [VRFC 10-311] analyzing module IBUF_HD354
INFO: [VRFC 10-311] analyzing module IBUF_HD355
INFO: [VRFC 10-311] analyzing module IBUF_HD356
INFO: [VRFC 10-311] analyzing module IBUF_HD357
INFO: [VRFC 10-311] analyzing module IBUF_HD358
INFO: [VRFC 10-311] analyzing module IBUF_HD359
INFO: [VRFC 10-311] analyzing module IBUF_HD360
INFO: [VRFC 10-311] analyzing module IBUF_HD361
INFO: [VRFC 10-311] analyzing module IBUF_HD362
INFO: [VRFC 10-311] analyzing module IBUF_HD363
INFO: [VRFC 10-311] analyzing module IBUF_HD364
INFO: [VRFC 10-311] analyzing module IBUF_HD365
INFO: [VRFC 10-311] analyzing module IBUF_HD366
INFO: [VRFC 10-311] analyzing module IBUF_HD367
INFO: [VRFC 10-311] analyzing module IBUF_HD368
INFO: [VRFC 10-311] analyzing module IBUF_HD369
INFO: [VRFC 10-311] analyzing module IBUF_HD370
INFO: [VRFC 10-311] analyzing module IBUF_HD371
INFO: [VRFC 10-311] analyzing module IBUF_HD372
INFO: [VRFC 10-311] analyzing module IBUF_HD373
INFO: [VRFC 10-311] analyzing module IBUF_HD374
INFO: [VRFC 10-311] analyzing module IBUF_HD375
INFO: [VRFC 10-311] analyzing module IBUF_HD376
INFO: [VRFC 10-311] analyzing module IBUF_HD377
INFO: [VRFC 10-311] analyzing module IBUF_HD378
INFO: [VRFC 10-311] analyzing module IBUF_HD379
INFO: [VRFC 10-311] analyzing module IBUF_HD380
INFO: [VRFC 10-311] analyzing module IBUF_HD381
INFO: [VRFC 10-311] analyzing module IBUF_HD382
INFO: [VRFC 10-311] analyzing module IBUF_HD383
INFO: [VRFC 10-311] analyzing module IBUF_HD384
INFO: [VRFC 10-311] analyzing module IBUF_HD385
INFO: [VRFC 10-311] analyzing module IBUF_HD386
INFO: [VRFC 10-311] analyzing module IBUF_HD387
INFO: [VRFC 10-311] analyzing module IBUF_HD388
INFO: [VRFC 10-311] analyzing module IBUF_HD389
INFO: [VRFC 10-311] analyzing module IBUF_HD390
INFO: [VRFC 10-311] analyzing module IBUF_HD391
INFO: [VRFC 10-311] analyzing module IBUF_HD392
INFO: [VRFC 10-311] analyzing module IBUF_HD393
INFO: [VRFC 10-311] analyzing module IBUF_HD394
INFO: [VRFC 10-311] analyzing module IBUF_HD395
INFO: [VRFC 10-311] analyzing module IBUF_HD396
INFO: [VRFC 10-311] analyzing module IBUF_HD397
INFO: [VRFC 10-311] analyzing module IBUF_HD398
INFO: [VRFC 10-311] analyzing module IBUF_HD399
INFO: [VRFC 10-311] analyzing module IBUF_HD400
INFO: [VRFC 10-311] analyzing module IBUF_HD401
INFO: [VRFC 10-311] analyzing module IBUF_HD402
INFO: [VRFC 10-311] analyzing module IBUF_HD403
INFO: [VRFC 10-311] analyzing module karatmult_64x64
INFO: [VRFC 10-311] analyzing module mult_16x16
INFO: [VRFC 10-311] analyzing module mult_16x16_0
INFO: [VRFC 10-311] analyzing module mult_16x16_1
INFO: [VRFC 10-311] analyzing module mult_16x16_2
INFO: [VRFC 10-311] analyzing module mult_16x16_3
INFO: [VRFC 10-311] analyzing module mult_17x17
INFO: [VRFC 10-311] analyzing module mult_18x18
INFO: [VRFC 10-311] analyzing module glbl
INFO: [VRFC 10-2263] Analyzing Verilog file "C:/Users/amcen/Documents/capstone project vivado files/implemented-karatsuba-9dsp/implemented_karatsuba.srcs/sim_1/new/karatmult_64x64_tb.v" into library xil_defaultlib
INFO: [VRFC 10-311] analyzing module karatmult_64x64_tb
