INFO: [VRFC 10-2263] Analyzing Verilog file "C:/Users/amcen/Documents/capstone project vivado files/schoolbook_demo/schoolbook_demo.sim/sim_1/impl/timing/xsim/mult_tb_time_impl.v" into library xil_defaultlib
INFO: [VRFC 10-311] analyzing module DSP48E2_UNIQ_BASE_
INFO: [VRFC 10-311] analyzing module DSP48E2_HD679
INFO: [VRFC 10-311] analyzing module DSP48E2_HD680
INFO: [VRFC 10-311] analyzing module DSP48E2_HD681
INFO: [VRFC 10-311] analyzing module DSP48E2_HD682
INFO: [VRFC 10-311] analyzing module DSP48E2_HD683
INFO: [VRFC 10-311] analyzing module DSP48E2_HD684
INFO: [VRFC 10-311] analyzing module DSP48E2_HD685
INFO: [VRFC 10-311] analyzing module DSP48E2_HD686
INFO: [VRFC 10-311] analyzing module DSP48E2_HD687
INFO: [VRFC 10-311] analyzing module DSP48E2_HD688
INFO: [VRFC 10-311] analyzing module DSP48E2_HD689
INFO: [VRFC 10-311] analyzing module IBUF_UNIQ_BASE_
INFO: [VRFC 10-311] analyzing module IBUF_HD551
INFO: [VRFC 10-311] analyzing module IBUF_HD552
INFO: [VRFC 10-311] analyzing module IBUF_HD553
INFO: [VRFC 10-311] analyzing module IBUF_HD554
INFO: [VRFC 10-311] analyzing module IBUF_HD555
INFO: [VRFC 10-311] analyzing module IBUF_HD556
INFO: [VRFC 10-311] analyzing module IBUF_HD557
INFO: [VRFC 10-311] analyzing module IBUF_HD558
INFO: [VRFC 10-311] analyzing module IBUF_HD559
INFO: [VRFC 10-311] analyzing module IBUF_HD560
INFO: [VRFC 10-311] analyzing module IBUF_HD561
INFO: [VRFC 10-311] analyzing module IBUF_HD562
INFO: [VRFC 10-311] analyzing module IBUF_HD563
INFO: [VRFC 10-311] analyzing module IBUF_HD564
INFO: [VRFC 10-311] analyzing module IBUF_HD565
INFO: [VRFC 10-311] analyzing module IBUF_HD566
INFO: [VRFC 10-311] analyzing module IBUF_HD567
INFO: [VRFC 10-311] analyzing module IBUF_HD568
INFO: [VRFC 10-311] analyzing module IBUF_HD569
INFO: [VRFC 10-311] analyzing module IBUF_HD570
INFO: [VRFC 10-311] analyzing module IBUF_HD571
INFO: [VRFC 10-311] analyzing module IBUF_HD572
INFO: [VRFC 10-311] analyzing module IBUF_HD573
INFO: [VRFC 10-311] analyzing module IBUF_HD574
INFO: [VRFC 10-311] analyzing module IBUF_HD575
INFO: [VRFC 10-311] analyzing module IBUF_HD576
INFO: [VRFC 10-311] analyzing module IBUF_HD577
INFO: [VRFC 10-311] analyzing module IBUF_HD578
INFO: [VRFC 10-311] analyzing module IBUF_HD579
INFO: [VRFC 10-311] analyzing module IBUF_HD580
INFO: [VRFC 10-311] analyzing module IBUF_HD581
INFO: [VRFC 10-311] analyzing module IBUF_HD582
INFO: [VRFC 10-311] analyzing module IBUF_HD583
INFO: [VRFC 10-311] analyzing module IBUF_HD584
INFO: [VRFC 10-311] analyzing module IBUF_HD585
INFO: [VRFC 10-311] analyzing module IBUF_HD586
INFO: [VRFC 10-311] analyzing module IBUF_HD587
INFO: [VRFC 10-311] analyzing module IBUF_HD588
INFO: [VRFC 10-311] analyzing module IBUF_HD589
INFO: [VRFC 10-311] analyzing module IBUF_HD590
INFO: [VRFC 10-311] analyzing module IBUF_HD591
INFO: [VRFC 10-311] analyzing module IBUF_HD592
INFO: [VRFC 10-311] analyzing module IBUF_HD593
INFO: [VRFC 10-311] analyzing module IBUF_HD594
INFO: [VRFC 10-311] analyzing module IBUF_HD595
INFO: [VRFC 10-311] analyzing module IBUF_HD596
INFO: [VRFC 10-311] analyzing module IBUF_HD597
INFO: [VRFC 10-311] analyzing module IBUF_HD598
INFO: [VRFC 10-311] analyzing module IBUF_HD599
INFO: [VRFC 10-311] analyzing module IBUF_HD600
INFO: [VRFC 10-311] analyzing module IBUF_HD601
INFO: [VRFC 10-311] analyzing module IBUF_HD602
INFO: [VRFC 10-311] analyzing module IBUF_HD603
INFO: [VRFC 10-311] analyzing module IBUF_HD604
INFO: [VRFC 10-311] analyzing module IBUF_HD605
INFO: [VRFC 10-311] analyzing module IBUF_HD606
INFO: [VRFC 10-311] analyzing module IBUF_HD607
INFO: [VRFC 10-311] analyzing module IBUF_HD608
INFO: [VRFC 10-311] analyzing module IBUF_HD609
INFO: [VRFC 10-311] analyzing module IBUF_HD610
INFO: [VRFC 10-311] analyzing module IBUF_HD611
INFO: [VRFC 10-311] analyzing module IBUF_HD612
INFO: [VRFC 10-311] analyzing module IBUF_HD613
INFO: [VRFC 10-311] analyzing module IBUF_HD614
INFO: [VRFC 10-311] analyzing module IBUF_HD615
INFO: [VRFC 10-311] analyzing module IBUF_HD616
INFO: [VRFC 10-311] analyzing module IBUF_HD617
INFO: [VRFC 10-311] analyzing module IBUF_HD618
INFO: [VRFC 10-311] analyzing module IBUF_HD619
INFO: [VRFC 10-311] analyzing module IBUF_HD620
INFO: [VRFC 10-311] analyzing module IBUF_HD621
INFO: [VRFC 10-311] analyzing module IBUF_HD622
INFO: [VRFC 10-311] analyzing module IBUF_HD623
INFO: [VRFC 10-311] analyzing module IBUF_HD624
INFO: [VRFC 10-311] analyzing module IBUF_HD625
INFO: [VRFC 10-311] analyzing module IBUF_HD626
INFO: [VRFC 10-311] analyzing module IBUF_HD627
INFO: [VRFC 10-311] analyzing module IBUF_HD628
INFO: [VRFC 10-311] analyzing module IBUF_HD629
INFO: [VRFC 10-311] analyzing module IBUF_HD630
INFO: [VRFC 10-311] analyzing module IBUF_HD631
INFO: [VRFC 10-311] analyzing module IBUF_HD632
INFO: [VRFC 10-311] analyzing module IBUF_HD633
INFO: [VRFC 10-311] analyzing module IBUF_HD634
INFO: [VRFC 10-311] analyzing module IBUF_HD635
INFO: [VRFC 10-311] analyzing module IBUF_HD636
INFO: [VRFC 10-311] analyzing module IBUF_HD637
INFO: [VRFC 10-311] analyzing module IBUF_HD638
INFO: [VRFC 10-311] analyzing module IBUF_HD639
INFO: [VRFC 10-311] analyzing module IBUF_HD640
INFO: [VRFC 10-311] analyzing module IBUF_HD641
INFO: [VRFC 10-311] analyzing module IBUF_HD642
INFO: [VRFC 10-311] analyzing module IBUF_HD643
INFO: [VRFC 10-311] analyzing module IBUF_HD644
INFO: [VRFC 10-311] analyzing module IBUF_HD645
INFO: [VRFC 10-311] analyzing module IBUF_HD646
INFO: [VRFC 10-311] analyzing module IBUF_HD647
INFO: [VRFC 10-311] analyzing module IBUF_HD648
INFO: [VRFC 10-311] analyzing module IBUF_HD649
INFO: [VRFC 10-311] analyzing module IBUF_HD650
INFO: [VRFC 10-311] analyzing module IBUF_HD651
INFO: [VRFC 10-311] analyzing module IBUF_HD652
INFO: [VRFC 10-311] analyzing module IBUF_HD653
INFO: [VRFC 10-311] analyzing module IBUF_HD654
INFO: [VRFC 10-311] analyzing module IBUF_HD655
INFO: [VRFC 10-311] analyzing module IBUF_HD656
INFO: [VRFC 10-311] analyzing module IBUF_HD657
INFO: [VRFC 10-311] analyzing module IBUF_HD658
INFO: [VRFC 10-311] analyzing module IBUF_HD659
INFO: [VRFC 10-311] analyzing module IBUF_HD660
INFO: [VRFC 10-311] analyzing module IBUF_HD661
INFO: [VRFC 10-311] analyzing module IBUF_HD662
INFO: [VRFC 10-311] analyzing module IBUF_HD663
INFO: [VRFC 10-311] analyzing module IBUF_HD664
INFO: [VRFC 10-311] analyzing module IBUF_HD665
INFO: [VRFC 10-311] analyzing module IBUF_HD666
INFO: [VRFC 10-311] analyzing module IBUF_HD667
INFO: [VRFC 10-311] analyzing module IBUF_HD668
INFO: [VRFC 10-311] analyzing module IBUF_HD669
INFO: [VRFC 10-311] analyzing module IBUF_HD670
INFO: [VRFC 10-311] analyzing module IBUF_HD671
INFO: [VRFC 10-311] analyzing module IBUF_HD672
INFO: [VRFC 10-311] analyzing module IBUF_HD673
INFO: [VRFC 10-311] analyzing module IBUF_HD674
INFO: [VRFC 10-311] analyzing module IBUF_HD675
INFO: [VRFC 10-311] analyzing module IBUF_HD676
INFO: [VRFC 10-311] analyzing module IBUF_HD677
INFO: [VRFC 10-311] analyzing module IBUF_HD678
INFO: [VRFC 10-311] analyzing module mult_demo
INFO: [VRFC 10-311] analyzing module mult_unsigned
INFO: [VRFC 10-311] analyzing module mult_unsigned_0
INFO: [VRFC 10-311] analyzing module mult_unsigned_1
INFO: [VRFC 10-311] analyzing module mult_unsigned_10
INFO: [VRFC 10-311] analyzing module mult_unsigned_2
INFO: [VRFC 10-311] analyzing module mult_unsigned_3
INFO: [VRFC 10-311] analyzing module mult_unsigned_4
INFO: [VRFC 10-311] analyzing module mult_unsigned_5
INFO: [VRFC 10-311] analyzing module mult_unsigned_6
INFO: [VRFC 10-311] analyzing module mult_unsigned_7
INFO: [VRFC 10-311] analyzing module mult_unsigned_8
INFO: [VRFC 10-311] analyzing module mult_unsigned_9
INFO: [VRFC 10-311] analyzing module glbl
INFO: [VRFC 10-2263] Analyzing Verilog file "C:/Users/amcen/Documents/capstone project vivado files/schoolbook_demo/schoolbook_demo.srcs/sim_1/new/mult_tb.v" into library xil_defaultlib
INFO: [VRFC 10-311] analyzing module mult_tb
