Vivado Simulator v2022.2
Copyright 1986-1999, 2001-2022 Xilinx, Inc. All Rights Reserved.
Running: C:/Xilinx/Vivado/2022.2/bin/unwrapped/win64.o/xelab.exe --incr --debug typical --relax --mt 2 --maxdelay -L xil_defaultlib -L simprims_ver -L secureip --snapshot mult_tb_time_impl -transport_int_delays -pulse_r 0 -pulse_int_r 0 -pulse_e 0 -pulse_int_e 0 xil_defaultlib.mult_tb xil_defaultlib.glbl -log elaborate.log 
Using 2 slave threads.
Starting static elaboration
Pass Through NonSizing Optimizer
Completed static elaboration
Starting simulation data flow analysis
Completed simulation data flow analysis
INFO: [XSIM 43-3451] SDF backannotation process started with SDF file "mult_tb_time_impl.sdf", for root module "mult_tb/test".
INFO: [XSIM 43-3452] SDF backannotation was successful for SDF file "mult_tb_time_impl.sdf", for root module "mult_tb/test".
Time Resolution for simulation is 1ps
Compiling module simprims_ver.FDRE_default
Compiling module simprims_ver.IBUFCTRL_default
Compiling module simprims_ver.INBUF_default
Compiling module xil_defaultlib.IBUF_UNIQ_BASE_
Compiling module xil_defaultlib.IBUF_HD551
Compiling module xil_defaultlib.IBUF_HD552
Compiling module xil_defaultlib.IBUF_HD553
Compiling module xil_defaultlib.IBUF_HD554
Compiling module xil_defaultlib.IBUF_HD555
Compiling module xil_defaultlib.IBUF_HD556
Compiling module xil_defaultlib.IBUF_HD557
Compiling module xil_defaultlib.IBUF_HD558
Compiling module xil_defaultlib.IBUF_HD559
Compiling module xil_defaultlib.IBUF_HD560
Compiling module xil_defaultlib.IBUF_HD561
Compiling module xil_defaultlib.IBUF_HD562
Compiling module xil_defaultlib.IBUF_HD563
Compiling module xil_defaultlib.IBUF_HD564
Compiling module xil_defaultlib.IBUF_HD565
Compiling module xil_defaultlib.IBUF_HD566
Compiling module xil_defaultlib.IBUF_HD567
Compiling module xil_defaultlib.IBUF_HD568
Compiling module xil_defaultlib.IBUF_HD569
Compiling module xil_defaultlib.IBUF_HD570
Compiling module xil_defaultlib.IBUF_HD571
Compiling module xil_defaultlib.IBUF_HD572
Compiling module xil_defaultlib.IBUF_HD573
Compiling module xil_defaultlib.IBUF_HD574
Compiling module xil_defaultlib.IBUF_HD575
Compiling module xil_defaultlib.IBUF_HD576
Compiling module xil_defaultlib.IBUF_HD577
Compiling module xil_defaultlib.IBUF_HD578
Compiling module xil_defaultlib.IBUF_HD579
Compiling module xil_defaultlib.IBUF_HD580
Compiling module xil_defaultlib.IBUF_HD581
Compiling module xil_defaultlib.IBUF_HD582
Compiling module xil_defaultlib.IBUF_HD583
Compiling module xil_defaultlib.IBUF_HD584
Compiling module xil_defaultlib.IBUF_HD585
Compiling module xil_defaultlib.IBUF_HD586
Compiling module xil_defaultlib.IBUF_HD587
Compiling module xil_defaultlib.IBUF_HD588
Compiling module xil_defaultlib.IBUF_HD589
Compiling module xil_defaultlib.IBUF_HD590
Compiling module xil_defaultlib.IBUF_HD591
Compiling module xil_defaultlib.IBUF_HD592
Compiling module xil_defaultlib.IBUF_HD593
Compiling module xil_defaultlib.IBUF_HD594
Compiling module xil_defaultlib.IBUF_HD595
Compiling module xil_defaultlib.IBUF_HD596
Compiling module xil_defaultlib.IBUF_HD597
Compiling module xil_defaultlib.IBUF_HD598
Compiling module xil_defaultlib.IBUF_HD599
Compiling module xil_defaultlib.IBUF_HD600
Compiling module xil_defaultlib.IBUF_HD601
Compiling module xil_defaultlib.IBUF_HD602
Compiling module xil_defaultlib.IBUF_HD603
Compiling module xil_defaultlib.IBUF_HD604
Compiling module xil_defaultlib.IBUF_HD605
Compiling module xil_defaultlib.IBUF_HD606
Compiling module xil_defaultlib.IBUF_HD607
Compiling module xil_defaultlib.IBUF_HD608
Compiling module xil_defaultlib.IBUF_HD609
Compiling module xil_defaultlib.IBUF_HD610
Compiling module xil_defaultlib.IBUF_HD611
Compiling module xil_defaultlib.IBUF_HD612
Compiling module xil_defaultlib.IBUF_HD613
Compiling module xil_defaultlib.IBUF_HD614
Compiling module xil_defaultlib.IBUF_HD615
Compiling module xil_defaultlib.IBUF_HD616
Compiling module xil_defaultlib.IBUF_HD617
Compiling module xil_defaultlib.IBUF_HD618
Compiling module xil_defaultlib.IBUF_HD619
Compiling module xil_defaultlib.IBUF_HD620
Compiling module xil_defaultlib.IBUF_HD621
Compiling module xil_defaultlib.IBUF_HD622
Compiling module xil_defaultlib.IBUF_HD623
Compiling module xil_defaultlib.IBUF_HD624
Compiling module xil_defaultlib.IBUF_HD625
Compiling module xil_defaultlib.IBUF_HD626
Compiling module xil_defaultlib.IBUF_HD627
Compiling module xil_defaultlib.IBUF_HD628
Compiling module xil_defaultlib.IBUF_HD629
Compiling module xil_defaultlib.IBUF_HD630
Compiling module xil_defaultlib.IBUF_HD631
Compiling module xil_defaultlib.IBUF_HD632
Compiling module xil_defaultlib.IBUF_HD633
Compiling module xil_defaultlib.IBUF_HD634
Compiling module xil_defaultlib.IBUF_HD635
Compiling module xil_defaultlib.IBUF_HD636
Compiling module xil_defaultlib.IBUF_HD637
Compiling module xil_defaultlib.IBUF_HD638
Compiling module xil_defaultlib.IBUF_HD639
Compiling module xil_defaultlib.IBUF_HD640
Compiling module xil_defaultlib.IBUF_HD641
Compiling module xil_defaultlib.IBUF_HD642
Compiling module xil_defaultlib.IBUF_HD643
Compiling module xil_defaultlib.IBUF_HD644
Compiling module xil_defaultlib.IBUF_HD645
Compiling module xil_defaultlib.IBUF_HD646
Compiling module xil_defaultlib.IBUF_HD647
Compiling module xil_defaultlib.IBUF_HD648
Compiling module xil_defaultlib.IBUF_HD649
Compiling module xil_defaultlib.IBUF_HD650
Compiling module xil_defaultlib.IBUF_HD651
Compiling module xil_defaultlib.IBUF_HD652
Compiling module xil_defaultlib.IBUF_HD653
Compiling module xil_defaultlib.IBUF_HD654
Compiling module xil_defaultlib.IBUF_HD655
Compiling module xil_defaultlib.IBUF_HD656
Compiling module xil_defaultlib.IBUF_HD657
Compiling module xil_defaultlib.IBUF_HD658
Compiling module xil_defaultlib.IBUF_HD659
Compiling module xil_defaultlib.IBUF_HD660
Compiling module xil_defaultlib.IBUF_HD661
Compiling module xil_defaultlib.IBUF_HD662
Compiling module xil_defaultlib.IBUF_HD663
Compiling module xil_defaultlib.IBUF_HD664
Compiling module xil_defaultlib.IBUF_HD665
Compiling module xil_defaultlib.IBUF_HD666
Compiling module xil_defaultlib.IBUF_HD667
Compiling module xil_defaultlib.IBUF_HD668
Compiling module xil_defaultlib.IBUF_HD669
Compiling module xil_defaultlib.IBUF_HD670
Compiling module xil_defaultlib.IBUF_HD671
Compiling module xil_defaultlib.IBUF_HD672
Compiling module xil_defaultlib.IBUF_HD673
Compiling module xil_defaultlib.IBUF_HD674
Compiling module xil_defaultlib.IBUF_HD675
Compiling module xil_defaultlib.IBUF_HD676
Compiling module xil_defaultlib.IBUF_HD677
Compiling module simprims_ver.OBUF
Compiling module simprims_ver.BUFGCE(CE_TYPE="ASYNC",SIM_DEVIC...
Compiling module xil_defaultlib.IBUF_HD678
Compiling module simprims_ver.DSP_ALU(ALUMODEREG=0,CARRYINREG=...
Compiling module simprims_ver.DSP_A_B_DATA
Compiling module simprims_ver.DSP_C_DATA
Compiling module simprims_ver.DSP_MULTIPLIER
Compiling module simprims_ver.DSP_M_DATA
Compiling module simprims_ver.DSP_OUTPUT
Compiling module simprims_ver.DSP_PREADD_DATA(INMODEREG=0)
Compiling module simprims_ver.DSP_PREADD
Compiling module xil_defaultlib.DSP48E2_UNIQ_BASE_
Compiling module simprims_ver.LUT4
Compiling module simprims_ver.x_lut2_mux4
Compiling module simprims_ver.LUT2
Compiling module simprims_ver.LUT6
Compiling module simprims_ver.x_lut3_mux8
Compiling module simprims_ver.LUT3
Compiling module xil_defaultlib.mult_unsigned
Compiling module xil_defaultlib.DSP48E2_HD679
Compiling module simprims_ver.LUT5
Compiling module simprims_ver.CARRY8
Compiling module xil_defaultlib.mult_unsigned_0
Compiling module xil_defaultlib.DSP48E2_HD680
Compiling module xil_defaultlib.mult_unsigned_1
Compiling module xil_defaultlib.DSP48E2_HD681
Compiling module xil_defaultlib.mult_unsigned_2
Compiling module xil_defaultlib.DSP48E2_HD682
Compiling module xil_defaultlib.mult_unsigned_3
Compiling module simprims_ver.DSP_A_B_DATA(A_INPUT="CASCADE")
Compiling module xil_defaultlib.DSP48E2_HD683
Compiling module xil_defaultlib.mult_unsigned_4
Compiling module xil_defaultlib.DSP48E2_HD684
Compiling module xil_defaultlib.mult_unsigned_5
Compiling module xil_defaultlib.DSP48E2_HD685
Compiling module xil_defaultlib.mult_unsigned_6
Compiling module xil_defaultlib.DSP48E2_HD686
Compiling module xil_defaultlib.mult_unsigned_7
Compiling module xil_defaultlib.DSP48E2_HD687
Compiling module xil_defaultlib.mult_unsigned_8
Compiling module simprims_ver.DSP_A_B_DATA(B_INPUT="CASCADE")
Compiling module xil_defaultlib.DSP48E2_HD688
Compiling module xil_defaultlib.mult_unsigned_9
Compiling module xil_defaultlib.DSP48E2_HD689
Compiling module xil_defaultlib.mult_unsigned_10
Compiling module xil_defaultlib.mult_demo
Compiling module xil_defaultlib.mult_tb
Compiling module xil_defaultlib.glbl
Built simulation snapshot mult_tb_time_impl
