Copyright 1986-2022 Xilinx, Inc. All Rights Reserved.
-------------------------------------------------------------------------------------------------------------------
| Tool Version : Vivado v.2022.2 (win64) Build 3671981 Fri Oct 14 05:00:03 MDT 2022
| Date         : Tue May  2 05:10:10 2023
| Host         : Gabriel running 64-bit major release  (build 9200)
| Command      : report_utilization -file Karatsuba_1_utilization_placed.rpt -pb Karatsuba_1_utilization_placed.pb
| Design       : Karatsuba_1
| Device       : xcku5p-ffvb676-2-e
| Speed File   : -2
| Design State : Fully Placed
-------------------------------------------------------------------------------------------------------------------

Utilization Design Information

Table of Contents
-----------------
1. CLB Logic
1.1 Summary of Registers by Type
2. CLB Logic Distribution
3. BLOCKRAM
4. ARITHMETIC
5. I/O
6. CLOCK
7. ADVANCED
8. CONFIGURATION
9. Primitives
10. Black Boxes
11. Instantiated Netlists

1. CLB Logic
------------

+-------------------------+------+-------+------------+-----------+-------+
|        Site Type        | Used | Fixed | Prohibited | Available | Util% |
+-------------------------+------+-------+------------+-----------+-------+
| CLB LUTs                |  446 |     0 |          0 |    216960 |  0.21 |
|   LUT as Logic          |  446 |     0 |          0 |    216960 |  0.21 |
|   LUT as Memory         |    0 |     0 |          0 |     99840 |  0.00 |
| CLB Registers           |  232 |     0 |          0 |    433920 |  0.05 |
|   Register as Flip Flop |  232 |     0 |          0 |    433920 |  0.05 |
|   Register as Latch     |    0 |     0 |          0 |    433920 |  0.00 |
| CARRY8                  |   53 |     0 |          0 |     27120 |  0.20 |
| F7 Muxes                |    0 |     0 |          0 |    108480 |  0.00 |
| F8 Muxes                |    0 |     0 |          0 |     54240 |  0.00 |
| F9 Muxes                |    0 |     0 |          0 |     27120 |  0.00 |
+-------------------------+------+-------+------------+-----------+-------+
* Warning! LUT value is adjusted to account for LUT combining.


1.1 Summary of Registers by Type
--------------------------------

+-------+--------------+-------------+--------------+
| Total | Clock Enable | Synchronous | Asynchronous |
+-------+--------------+-------------+--------------+
| 0     |            _ |           - |            - |
| 0     |            _ |           - |          Set |
| 0     |            _ |           - |        Reset |
| 0     |            _ |         Set |            - |
| 0     |            _ |       Reset |            - |
| 0     |          Yes |           - |            - |
| 0     |          Yes |           - |          Set |
| 0     |          Yes |           - |        Reset |
| 0     |          Yes |         Set |            - |
| 232   |          Yes |       Reset |            - |
+-------+--------------+-------------+--------------+


2. CLB Logic Distribution
-------------------------

+--------------------------------------------+------+-------+------------+-----------+-------+
|                  Site Type                 | Used | Fixed | Prohibited | Available | Util% |
+--------------------------------------------+------+-------+------------+-----------+-------+
| CLB                                        |   88 |     0 |          0 |     27120 |  0.32 |
|   CLBL                                     |   49 |     0 |            |           |       |
|   CLBM                                     |   39 |     0 |            |           |       |
| LUT as Logic                               |  446 |     0 |          0 |    216960 |  0.21 |
|   using O5 output only                     |    1 |       |            |           |       |
|   using O6 output only                     |  373 |       |            |           |       |
|   using O5 and O6                          |   72 |       |            |           |       |
| LUT as Memory                              |    0 |     0 |          0 |     99840 |  0.00 |
|   LUT as Distributed RAM                   |    0 |     0 |            |           |       |
|   LUT as Shift Register                    |    0 |     0 |            |           |       |
| CLB Registers                              |  232 |     0 |          0 |    433920 |  0.05 |
|   Register driven from within the CLB      |  112 |       |            |           |       |
|   Register driven from outside the CLB     |  120 |       |            |           |       |
|     LUT in front of the register is unused |   71 |       |            |           |       |
|     LUT in front of the register is used   |   49 |       |            |           |       |
| Unique Control Sets                        |    1 |       |          0 |     54240 | <0.01 |
+--------------------------------------------+------+-------+------------+-----------+-------+
* * Note: Available Control Sets calculated as Slices * 2, Review the Control Sets Report for more information regarding control sets.


3. BLOCKRAM
-----------

+----------------+------+-------+------------+-----------+-------+
|    Site Type   | Used | Fixed | Prohibited | Available | Util% |
+----------------+------+-------+------------+-----------+-------+
| Block RAM Tile |    0 |     0 |          0 |       480 |  0.00 |
|   RAMB36/FIFO* |    0 |     0 |          0 |       480 |  0.00 |
|   RAMB18       |    0 |     0 |          0 |       960 |  0.00 |
| URAM           |    0 |     0 |          0 |        64 |  0.00 |
+----------------+------+-------+------------+-----------+-------+
* Note: Each Block RAM Tile only has one FIFO logic available and therefore can accommodate only one FIFO36E2 or one FIFO18E2. However, if a FIFO18E2 occupies a Block RAM Tile, that tile can still accommodate a RAMB18E2


4. ARITHMETIC
-------------

+----------------+------+-------+------------+-----------+-------+
|    Site Type   | Used | Fixed | Prohibited | Available | Util% |
+----------------+------+-------+------------+-----------+-------+
| DSPs           |   11 |     0 |          0 |      1824 |  0.60 |
|   DSP48E2 only |   11 |       |            |           |       |
+----------------+------+-------+------------+-----------+-------+


5. I/O
------

+------------------+------+-------+------------+-----------+--------+
|     Site Type    | Used | Fixed | Prohibited | Available |  Util% |
+------------------+------+-------+------------+-----------+--------+
| Bonded IOB       |  257 |     0 |          0 |       280 |  91.79 |
| HPIOB_M          |   96 |     0 |          0 |        96 | 100.00 |
|   INPUT          |   38 |       |            |           |        |
|   OUTPUT         |   58 |       |            |           |        |
|   BIDIR          |    0 |       |            |           |        |
| HPIOB_S          |   96 |     0 |          0 |        96 | 100.00 |
|   INPUT          |   38 |       |            |           |        |
|   OUTPUT         |   58 |       |            |           |        |
|   BIDIR          |    0 |       |            |           |        |
| HDIOB_M          |   25 |     0 |          0 |        36 |  69.44 |
|   INPUT          |   25 |       |            |           |        |
|   OUTPUT         |    0 |       |            |           |        |
|   BIDIR          |    0 |       |            |           |        |
| HDIOB_S          |   24 |     0 |          0 |        36 |  66.67 |
|   INPUT          |   24 |       |            |           |        |
|   OUTPUT         |    0 |       |            |           |        |
|   BIDIR          |    0 |       |            |           |        |
| HPIOB_SNGL       |   16 |     0 |          0 |        16 | 100.00 |
|   INPUT          |    4 |       |            |           |        |
|   OUTPUT         |   12 |       |            |           |        |
|   BIDIR          |    0 |       |            |           |        |
| HPIOBDIFFINBUF   |    0 |     0 |          0 |        96 |   0.00 |
| HPIOBDIFFOUTBUF  |    0 |     0 |          0 |        96 |   0.00 |
| HDIOBDIFFINBUF   |    0 |     0 |          0 |        48 |   0.00 |
| BITSLICE_CONTROL |    0 |     0 |          0 |        32 |   0.00 |
| BITSLICE_RX_TX   |    0 |     0 |          0 |      1248 |   0.00 |
| BITSLICE_TX      |    0 |     0 |          0 |        32 |   0.00 |
| RIU_OR           |    0 |     0 |          0 |        16 |   0.00 |
+------------------+------+-------+------------+-----------+--------+


6. CLOCK
--------

+----------------------+------+-------+------------+-----------+-------+
|       Site Type      | Used | Fixed | Prohibited | Available | Util% |
+----------------------+------+-------+------------+-----------+-------+
| GLOBAL CLOCK BUFFERs |    1 |     0 |          0 |       256 |  0.39 |
|   BUFGCE             |    1 |     0 |          0 |       112 |  0.89 |
|   BUFGCE_DIV         |    0 |     0 |          0 |        16 |  0.00 |
|   BUFG_GT            |    0 |     0 |          0 |        96 |  0.00 |
|   BUFGCTRL*          |    0 |     0 |          0 |        32 |  0.00 |
| PLL                  |    0 |     0 |          0 |         8 |  0.00 |
| MMCM                 |    0 |     0 |          0 |         4 |  0.00 |
+----------------------+------+-------+------------+-----------+-------+
* Note: Each used BUFGCTRL counts as two GLOBAL CLOCK BUFFERs. This table does not include global clocking resources, only buffer cell usage. See the Clock Utilization Report (report_clock_utilization) for detailed accounting of global clocking resource availability.


7. ADVANCED
-----------

+-----------------+------+-------+------------+-----------+-------+
|    Site Type    | Used | Fixed | Prohibited | Available | Util% |
+-----------------+------+-------+------------+-----------+-------+
| CMACE4          |    0 |     0 |          0 |         1 |  0.00 |
| GTYE4_CHANNEL   |    0 |     0 |          0 |        16 |  0.00 |
| GTYE4_COMMON    |    0 |     0 |          0 |         4 |  0.00 |
| OBUFDS_GTE4     |    0 |     0 |          0 |         8 |  0.00 |
| OBUFDS_GTE4_ADV |    0 |     0 |          0 |         8 |  0.00 |
| PCIE40E4        |    0 |     0 |          0 |         1 |  0.00 |
| SYSMONE4        |    0 |     0 |          0 |         1 |  0.00 |
+-----------------+------+-------+------------+-----------+-------+


8. CONFIGURATION
----------------

+-------------+------+-------+------------+-----------+-------+
|  Site Type  | Used | Fixed | Prohibited | Available | Util% |
+-------------+------+-------+------------+-----------+-------+
| BSCANE2     |    0 |     0 |          0 |         4 |  0.00 |
| DNA_PORTE2  |    0 |     0 |          0 |         1 |  0.00 |
| EFUSE_USR   |    0 |     0 |          0 |         1 |  0.00 |
| FRAME_ECCE4 |    0 |     0 |          0 |         1 |  0.00 |
| ICAPE3      |    0 |     0 |          0 |         2 |  0.00 |
| MASTER_JTAG |    0 |     0 |          0 |         1 |  0.00 |
| STARTUPE3   |    0 |     0 |          0 |         1 |  0.00 |
+-------------+------+-------+------------+-----------+-------+


9. Primitives
-------------

+----------+------+---------------------+
| Ref Name | Used | Functional Category |
+----------+------+---------------------+
| FDRE     |  232 |            Register |
| LUT2     |  167 |                 CLB |
| INBUF    |  129 |                 I/O |
| IBUFCTRL |  129 |              Others |
| OBUF     |  128 |                 I/O |
| LUT4     |  126 |                 CLB |
| LUT6     |  113 |                 CLB |
| LUT3     |   86 |                 CLB |
| CARRY8   |   53 |                 CLB |
| LUT5     |   25 |                 CLB |
| DSP48E2  |   11 |          Arithmetic |
| LUT1     |    1 |                 CLB |
| BUFGCE   |    1 |               Clock |
+----------+------+---------------------+


10. Black Boxes
---------------

+----------+------+
| Ref Name | Used |
+----------+------+


11. Instantiated Netlists
-------------------------

+----------+------+
| Ref Name | Used |
+----------+------+


