INFO: [VRFC 10-2263] Analyzing Verilog file "C:/Users/amcen/Documents/capstone project vivado files/implemented-toom-multiplier/implemented-toom-multiplier.sim/sim_1/impl/timing/xsim/toommult_64x64_tb_time_impl.v" into library xil_defaultlib
INFO: [VRFC 10-311] analyzing module DSP48E2_UNIQ_BASE_
INFO: [VRFC 10-311] analyzing module DSP48E2_HD129
INFO: [VRFC 10-311] analyzing module DSP48E2_HD130
INFO: [VRFC 10-311] analyzing module DSP48E2_HD131
INFO: [VRFC 10-311] analyzing module DSP48E2_HD132
INFO: [VRFC 10-311] analyzing module DSP48E2_HD133
INFO: [VRFC 10-311] analyzing module DSP48E2_HD134
INFO: [VRFC 10-311] analyzing module DSP48E2_HD135
INFO: [VRFC 10-311] analyzing module DSP48E2_HD136
INFO: [VRFC 10-311] analyzing module DSP48E2_HD137
INFO: [VRFC 10-311] analyzing module DSP48E2_HD138
INFO: [VRFC 10-311] analyzing module DSP48E2_HD139
INFO: [VRFC 10-311] analyzing module IBUF_UNIQ_BASE_
INFO: [VRFC 10-311] analyzing module IBUF_HD1
INFO: [VRFC 10-311] analyzing module IBUF_HD10
INFO: [VRFC 10-311] analyzing module IBUF_HD100
INFO: [VRFC 10-311] analyzing module IBUF_HD101
INFO: [VRFC 10-311] analyzing module IBUF_HD102
INFO: [VRFC 10-311] analyzing module IBUF_HD103
INFO: [VRFC 10-311] analyzing module IBUF_HD104
INFO: [VRFC 10-311] analyzing module IBUF_HD105
INFO: [VRFC 10-311] analyzing module IBUF_HD106
INFO: [VRFC 10-311] analyzing module IBUF_HD107
INFO: [VRFC 10-311] analyzing module IBUF_HD108
INFO: [VRFC 10-311] analyzing module IBUF_HD109
INFO: [VRFC 10-311] analyzing module IBUF_HD11
INFO: [VRFC 10-311] analyzing module IBUF_HD110
INFO: [VRFC 10-311] analyzing module IBUF_HD111
INFO: [VRFC 10-311] analyzing module IBUF_HD112
INFO: [VRFC 10-311] analyzing module IBUF_HD113
INFO: [VRFC 10-311] analyzing module IBUF_HD114
INFO: [VRFC 10-311] analyzing module IBUF_HD115
INFO: [VRFC 10-311] analyzing module IBUF_HD116
INFO: [VRFC 10-311] analyzing module IBUF_HD117
INFO: [VRFC 10-311] analyzing module IBUF_HD118
INFO: [VRFC 10-311] analyzing module IBUF_HD119
INFO: [VRFC 10-311] analyzing module IBUF_HD12
INFO: [VRFC 10-311] analyzing module IBUF_HD120
INFO: [VRFC 10-311] analyzing module IBUF_HD121
INFO: [VRFC 10-311] analyzing module IBUF_HD122
INFO: [VRFC 10-311] analyzing module IBUF_HD123
INFO: [VRFC 10-311] analyzing module IBUF_HD124
INFO: [VRFC 10-311] analyzing module IBUF_HD125
INFO: [VRFC 10-311] analyzing module IBUF_HD126
INFO: [VRFC 10-311] analyzing module IBUF_HD127
INFO: [VRFC 10-311] analyzing module IBUF_HD128
INFO: [VRFC 10-311] analyzing module IBUF_HD13
INFO: [VRFC 10-311] analyzing module IBUF_HD14
INFO: [VRFC 10-311] analyzing module IBUF_HD15
INFO: [VRFC 10-311] analyzing module IBUF_HD16
INFO: [VRFC 10-311] analyzing module IBUF_HD17
INFO: [VRFC 10-311] analyzing module IBUF_HD18
INFO: [VRFC 10-311] analyzing module IBUF_HD19
INFO: [VRFC 10-311] analyzing module IBUF_HD2
INFO: [VRFC 10-311] analyzing module IBUF_HD20
INFO: [VRFC 10-311] analyzing module IBUF_HD21
INFO: [VRFC 10-311] analyzing module IBUF_HD22
INFO: [VRFC 10-311] analyzing module IBUF_HD23
INFO: [VRFC 10-311] analyzing module IBUF_HD24
INFO: [VRFC 10-311] analyzing module IBUF_HD25
INFO: [VRFC 10-311] analyzing module IBUF_HD26
INFO: [VRFC 10-311] analyzing module IBUF_HD27
INFO: [VRFC 10-311] analyzing module IBUF_HD28
INFO: [VRFC 10-311] analyzing module IBUF_HD29
INFO: [VRFC 10-311] analyzing module IBUF_HD3
INFO: [VRFC 10-311] analyzing module IBUF_HD30
INFO: [VRFC 10-311] analyzing module IBUF_HD31
INFO: [VRFC 10-311] analyzing module IBUF_HD32
INFO: [VRFC 10-311] analyzing module IBUF_HD33
INFO: [VRFC 10-311] analyzing module IBUF_HD34
INFO: [VRFC 10-311] analyzing module IBUF_HD35
INFO: [VRFC 10-311] analyzing module IBUF_HD36
INFO: [VRFC 10-311] analyzing module IBUF_HD37
INFO: [VRFC 10-311] analyzing module IBUF_HD38
INFO: [VRFC 10-311] analyzing module IBUF_HD39
INFO: [VRFC 10-311] analyzing module IBUF_HD4
INFO: [VRFC 10-311] analyzing module IBUF_HD40
INFO: [VRFC 10-311] analyzing module IBUF_HD41
INFO: [VRFC 10-311] analyzing module IBUF_HD42
INFO: [VRFC 10-311] analyzing module IBUF_HD43
INFO: [VRFC 10-311] analyzing module IBUF_HD44
INFO: [VRFC 10-311] analyzing module IBUF_HD45
INFO: [VRFC 10-311] analyzing module IBUF_HD46
INFO: [VRFC 10-311] analyzing module IBUF_HD47
INFO: [VRFC 10-311] analyzing module IBUF_HD48
INFO: [VRFC 10-311] analyzing module IBUF_HD49
INFO: [VRFC 10-311] analyzing module IBUF_HD5
INFO: [VRFC 10-311] analyzing module IBUF_HD50
INFO: [VRFC 10-311] analyzing module IBUF_HD51
INFO: [VRFC 10-311] analyzing module IBUF_HD52
INFO: [VRFC 10-311] analyzing module IBUF_HD53
INFO: [VRFC 10-311] analyzing module IBUF_HD54
INFO: [VRFC 10-311] analyzing module IBUF_HD55
INFO: [VRFC 10-311] analyzing module IBUF_HD56
INFO: [VRFC 10-311] analyzing module IBUF_HD57
INFO: [VRFC 10-311] analyzing module IBUF_HD58
INFO: [VRFC 10-311] analyzing module IBUF_HD59
INFO: [VRFC 10-311] analyzing module IBUF_HD6
INFO: [VRFC 10-311] analyzing module IBUF_HD60
INFO: [VRFC 10-311] analyzing module IBUF_HD61
INFO: [VRFC 10-311] analyzing module IBUF_HD62
INFO: [VRFC 10-311] analyzing module IBUF_HD63
INFO: [VRFC 10-311] analyzing module IBUF_HD64
INFO: [VRFC 10-311] analyzing module IBUF_HD65
INFO: [VRFC 10-311] analyzing module IBUF_HD66
INFO: [VRFC 10-311] analyzing module IBUF_HD67
INFO: [VRFC 10-311] analyzing module IBUF_HD68
INFO: [VRFC 10-311] analyzing module IBUF_HD69
INFO: [VRFC 10-311] analyzing module IBUF_HD7
INFO: [VRFC 10-311] analyzing module IBUF_HD70
INFO: [VRFC 10-311] analyzing module IBUF_HD71
INFO: [VRFC 10-311] analyzing module IBUF_HD72
INFO: [VRFC 10-311] analyzing module IBUF_HD73
INFO: [VRFC 10-311] analyzing module IBUF_HD74
INFO: [VRFC 10-311] analyzing module IBUF_HD75
INFO: [VRFC 10-311] analyzing module IBUF_HD76
INFO: [VRFC 10-311] analyzing module IBUF_HD77
INFO: [VRFC 10-311] analyzing module IBUF_HD78
INFO: [VRFC 10-311] analyzing module IBUF_HD79
INFO: [VRFC 10-311] analyzing module IBUF_HD8
INFO: [VRFC 10-311] analyzing module IBUF_HD80
INFO: [VRFC 10-311] analyzing module IBUF_HD81
INFO: [VRFC 10-311] analyzing module IBUF_HD82
INFO: [VRFC 10-311] analyzing module IBUF_HD83
INFO: [VRFC 10-311] analyzing module IBUF_HD84
INFO: [VRFC 10-311] analyzing module IBUF_HD85
INFO: [VRFC 10-311] analyzing module IBUF_HD86
INFO: [VRFC 10-311] analyzing module IBUF_HD87
INFO: [VRFC 10-311] analyzing module IBUF_HD88
INFO: [VRFC 10-311] analyzing module IBUF_HD89
INFO: [VRFC 10-311] analyzing module IBUF_HD9
INFO: [VRFC 10-311] analyzing module IBUF_HD90
INFO: [VRFC 10-311] analyzing module IBUF_HD91
INFO: [VRFC 10-311] analyzing module IBUF_HD92
INFO: [VRFC 10-311] analyzing module IBUF_HD93
INFO: [VRFC 10-311] analyzing module IBUF_HD94
INFO: [VRFC 10-311] analyzing module IBUF_HD95
INFO: [VRFC 10-311] analyzing module IBUF_HD96
INFO: [VRFC 10-311] analyzing module IBUF_HD97
INFO: [VRFC 10-311] analyzing module IBUF_HD98
INFO: [VRFC 10-311] analyzing module IBUF_HD99
INFO: [VRFC 10-311] analyzing module lmult_8x16
INFO: [VRFC 10-311] analyzing module lmult_8x16_3
INFO: [VRFC 10-311] analyzing module lmult_8x16_7
INFO: [VRFC 10-311] analyzing module lmult_8x16_9
INFO: [VRFC 10-311] analyzing module mult_16x16
INFO: [VRFC 10-311] analyzing module mult_16x16_2
INFO: [VRFC 10-311] analyzing module mult_16x16_6
INFO: [VRFC 10-311] analyzing module mult_16x16_8
INFO: [VRFC 10-311] analyzing module mult_64x64
INFO: [VRFC 10-311] analyzing module pmult_24x16
INFO: [VRFC 10-311] analyzing module pmult_24x16_1
INFO: [VRFC 10-311] analyzing module pmult_24x16_4
INFO: [VRFC 10-311] analyzing module pmult_24x16_5
INFO: [VRFC 10-311] analyzing module toommult_64x32
INFO: [VRFC 10-311] analyzing module toommult_64x32_0
INFO: [VRFC 10-311] analyzing module glbl
INFO: [VRFC 10-2263] Analyzing Verilog file "C:/Users/amcen/Documents/capstone project vivado files/implemented-toom-multiplier/implemented-toom-multiplier.srcs/sim_1/new/toommult_64x32_tb.v" into library xil_defaultlib
INFO: [VRFC 10-311] analyzing module toommult_64x64_tb
