Copyright 1986-2022 Xilinx, Inc. All Rights Reserved.
-----------------------------------------------------------------------------------------------------------------------------------------------------------------
| Tool Version : Vivado v.2022.2 (win64) Build 3671981 Fri Oct 14 05:00:03 MDT 2022
| Date         : Tue May  2 23:49:46 2023
| Host         : DESKTOP-HOE36TI running 64-bit major release  (build 9200)
| Command      : report_methodology -file mult_demo_methodology_drc_routed.rpt -pb mult_demo_methodology_drc_routed.pb -rpx mult_demo_methodology_drc_routed.rpx
| Design       : mult_demo
| Device       : xcku5p-ffvb676-2-e
| Speed File   : -2
| Design State : Fully Routed
-----------------------------------------------------------------------------------------------------------------------------------------------------------------

Report Methodology

Table of Contents
-----------------
1. REPORT SUMMARY
2. REPORT DETAILS

1. REPORT SUMMARY
-----------------
            Netlist: netlist
          Floorplan: design_1
      Design limits: <entire design considered>
             Max violations: <unlimited>
             Violations found: 256
+-----------+----------+-------------------------------+------------+
| Rule      | Severity | Description                   | Violations |
+-----------+----------+-------------------------------+------------+
| TIMING-18 | Warning  | Missing input or output delay | 256        |
+-----------+----------+-------------------------------+------------+

2. REPORT DETAILS
-----------------
TIMING-18#1 Warning
Missing input or output delay  
An input delay is missing on A[0] relative to clock(s) clk1
Related violations: <none>

TIMING-18#2 Warning
Missing input or output delay  
An input delay is missing on A[10] relative to clock(s) clk1
Related violations: <none>

TIMING-18#3 Warning
Missing input or output delay  
An input delay is missing on A[11] relative to clock(s) clk1
Related violations: <none>

TIMING-18#4 Warning
Missing input or output delay  
An input delay is missing on A[12] relative to clock(s) clk1
Related violations: <none>

TIMING-18#5 Warning
Missing input or output delay  
An input delay is missing on A[13] relative to clock(s) clk1
Related violations: <none>

TIMING-18#6 Warning
Missing input or output delay  
An input delay is missing on A[14] relative to clock(s) clk1
Related violations: <none>

TIMING-18#7 Warning
Missing input or output delay  
An input delay is missing on A[15] relative to clock(s) clk1
Related violations: <none>

TIMING-18#8 Warning
Missing input or output delay  
An input delay is missing on A[16] relative to clock(s) clk1
Related violations: <none>

TIMING-18#9 Warning
Missing input or output delay  
An input delay is missing on A[17] relative to clock(s) clk1
Related violations: <none>

TIMING-18#10 Warning
Missing input or output delay  
An input delay is missing on A[18] relative to clock(s) clk1
Related violations: <none>

TIMING-18#11 Warning
Missing input or output delay  
An input delay is missing on A[19] relative to clock(s) clk1
Related violations: <none>

TIMING-18#12 Warning
Missing input or output delay  
An input delay is missing on A[1] relative to clock(s) clk1
Related violations: <none>

TIMING-18#13 Warning
Missing input or output delay  
An input delay is missing on A[20] relative to clock(s) clk1
Related violations: <none>

TIMING-18#14 Warning
Missing input or output delay  
An input delay is missing on A[21] relative to clock(s) clk1
Related violations: <none>

TIMING-18#15 Warning
Missing input or output delay  
An input delay is missing on A[22] relative to clock(s) clk1
Related violations: <none>

TIMING-18#16 Warning
Missing input or output delay  
An input delay is missing on A[23] relative to clock(s) clk1
Related violations: <none>

TIMING-18#17 Warning
Missing input or output delay  
An input delay is missing on A[24] relative to clock(s) clk1
Related violations: <none>

TIMING-18#18 Warning
Missing input or output delay  
An input delay is missing on A[25] relative to clock(s) clk1
Related violations: <none>

TIMING-18#19 Warning
Missing input or output delay  
An input delay is missing on A[26] relative to clock(s) clk1
Related violations: <none>

TIMING-18#20 Warning
Missing input or output delay  
An input delay is missing on A[27] relative to clock(s) clk1
Related violations: <none>

TIMING-18#21 Warning
Missing input or output delay  
An input delay is missing on A[28] relative to clock(s) clk1
Related violations: <none>

TIMING-18#22 Warning
Missing input or output delay  
An input delay is missing on A[29] relative to clock(s) clk1
Related violations: <none>

TIMING-18#23 Warning
Missing input or output delay  
An input delay is missing on A[2] relative to clock(s) clk1
Related violations: <none>

TIMING-18#24 Warning
Missing input or output delay  
An input delay is missing on A[30] relative to clock(s) clk1
Related violations: <none>

TIMING-18#25 Warning
Missing input or output delay  
An input delay is missing on A[31] relative to clock(s) clk1
Related violations: <none>

TIMING-18#26 Warning
Missing input or output delay  
An input delay is missing on A[32] relative to clock(s) clk1
Related violations: <none>

TIMING-18#27 Warning
Missing input or output delay  
An input delay is missing on A[33] relative to clock(s) clk1
Related violations: <none>

TIMING-18#28 Warning
Missing input or output delay  
An input delay is missing on A[34] relative to clock(s) clk1
Related violations: <none>

TIMING-18#29 Warning
Missing input or output delay  
An input delay is missing on A[35] relative to clock(s) clk1
Related violations: <none>

TIMING-18#30 Warning
Missing input or output delay  
An input delay is missing on A[36] relative to clock(s) clk1
Related violations: <none>

TIMING-18#31 Warning
Missing input or output delay  
An input delay is missing on A[37] relative to clock(s) clk1
Related violations: <none>

TIMING-18#32 Warning
Missing input or output delay  
An input delay is missing on A[38] relative to clock(s) clk1
Related violations: <none>

TIMING-18#33 Warning
Missing input or output delay  
An input delay is missing on A[39] relative to clock(s) clk1
Related violations: <none>

TIMING-18#34 Warning
Missing input or output delay  
An input delay is missing on A[3] relative to clock(s) clk1
Related violations: <none>

TIMING-18#35 Warning
Missing input or output delay  
An input delay is missing on A[40] relative to clock(s) clk1
Related violations: <none>

TIMING-18#36 Warning
Missing input or output delay  
An input delay is missing on A[41] relative to clock(s) clk1
Related violations: <none>

TIMING-18#37 Warning
Missing input or output delay  
An input delay is missing on A[42] relative to clock(s) clk1
Related violations: <none>

TIMING-18#38 Warning
Missing input or output delay  
An input delay is missing on A[43] relative to clock(s) clk1
Related violations: <none>

TIMING-18#39 Warning
Missing input or output delay  
An input delay is missing on A[44] relative to clock(s) clk1
Related violations: <none>

TIMING-18#40 Warning
Missing input or output delay  
An input delay is missing on A[45] relative to clock(s) clk1
Related violations: <none>

TIMING-18#41 Warning
Missing input or output delay  
An input delay is missing on A[46] relative to clock(s) clk1
Related violations: <none>

TIMING-18#42 Warning
Missing input or output delay  
An input delay is missing on A[47] relative to clock(s) clk1
Related violations: <none>

TIMING-18#43 Warning
Missing input or output delay  
An input delay is missing on A[48] relative to clock(s) clk1
Related violations: <none>

TIMING-18#44 Warning
Missing input or output delay  
An input delay is missing on A[49] relative to clock(s) clk1
Related violations: <none>

TIMING-18#45 Warning
Missing input or output delay  
An input delay is missing on A[4] relative to clock(s) clk1
Related violations: <none>

TIMING-18#46 Warning
Missing input or output delay  
An input delay is missing on A[50] relative to clock(s) clk1
Related violations: <none>

TIMING-18#47 Warning
Missing input or output delay  
An input delay is missing on A[51] relative to clock(s) clk1
Related violations: <none>

TIMING-18#48 Warning
Missing input or output delay  
An input delay is missing on A[52] relative to clock(s) clk1
Related violations: <none>

TIMING-18#49 Warning
Missing input or output delay  
An input delay is missing on A[53] relative to clock(s) clk1
Related violations: <none>

TIMING-18#50 Warning
Missing input or output delay  
An input delay is missing on A[54] relative to clock(s) clk1
Related violations: <none>

TIMING-18#51 Warning
Missing input or output delay  
An input delay is missing on A[55] relative to clock(s) clk1
Related violations: <none>

TIMING-18#52 Warning
Missing input or output delay  
An input delay is missing on A[56] relative to clock(s) clk1
Related violations: <none>

TIMING-18#53 Warning
Missing input or output delay  
An input delay is missing on A[57] relative to clock(s) clk1
Related violations: <none>

TIMING-18#54 Warning
Missing input or output delay  
An input delay is missing on A[58] relative to clock(s) clk1
Related violations: <none>

TIMING-18#55 Warning
Missing input or output delay  
An input delay is missing on A[59] relative to clock(s) clk1
Related violations: <none>

TIMING-18#56 Warning
Missing input or output delay  
An input delay is missing on A[5] relative to clock(s) clk1
Related violations: <none>

TIMING-18#57 Warning
Missing input or output delay  
An input delay is missing on A[60] relative to clock(s) clk1
Related violations: <none>

TIMING-18#58 Warning
Missing input or output delay  
An input delay is missing on A[61] relative to clock(s) clk1
Related violations: <none>

TIMING-18#59 Warning
Missing input or output delay  
An input delay is missing on A[62] relative to clock(s) clk1
Related violations: <none>

TIMING-18#60 Warning
Missing input or output delay  
An input delay is missing on A[63] relative to clock(s) clk1
Related violations: <none>

TIMING-18#61 Warning
Missing input or output delay  
An input delay is missing on A[6] relative to clock(s) clk1
Related violations: <none>

TIMING-18#62 Warning
Missing input or output delay  
An input delay is missing on A[7] relative to clock(s) clk1
Related violations: <none>

TIMING-18#63 Warning
Missing input or output delay  
An input delay is missing on A[8] relative to clock(s) clk1
Related violations: <none>

TIMING-18#64 Warning
Missing input or output delay  
An input delay is missing on A[9] relative to clock(s) clk1
Related violations: <none>

TIMING-18#65 Warning
Missing input or output delay  
An input delay is missing on B[0] relative to clock(s) clk1
Related violations: <none>

TIMING-18#66 Warning
Missing input or output delay  
An input delay is missing on B[10] relative to clock(s) clk1
Related violations: <none>

TIMING-18#67 Warning
Missing input or output delay  
An input delay is missing on B[11] relative to clock(s) clk1
Related violations: <none>

TIMING-18#68 Warning
Missing input or output delay  
An input delay is missing on B[12] relative to clock(s) clk1
Related violations: <none>

TIMING-18#69 Warning
Missing input or output delay  
An input delay is missing on B[13] relative to clock(s) clk1
Related violations: <none>

TIMING-18#70 Warning
Missing input or output delay  
An input delay is missing on B[14] relative to clock(s) clk1
Related violations: <none>

TIMING-18#71 Warning
Missing input or output delay  
An input delay is missing on B[15] relative to clock(s) clk1
Related violations: <none>

TIMING-18#72 Warning
Missing input or output delay  
An input delay is missing on B[16] relative to clock(s) clk1
Related violations: <none>

TIMING-18#73 Warning
Missing input or output delay  
An input delay is missing on B[17] relative to clock(s) clk1
Related violations: <none>

TIMING-18#74 Warning
Missing input or output delay  
An input delay is missing on B[18] relative to clock(s) clk1
Related violations: <none>

TIMING-18#75 Warning
Missing input or output delay  
An input delay is missing on B[19] relative to clock(s) clk1
Related violations: <none>

TIMING-18#76 Warning
Missing input or output delay  
An input delay is missing on B[1] relative to clock(s) clk1
Related violations: <none>

TIMING-18#77 Warning
Missing input or output delay  
An input delay is missing on B[20] relative to clock(s) clk1
Related violations: <none>

TIMING-18#78 Warning
Missing input or output delay  
An input delay is missing on B[21] relative to clock(s) clk1
Related violations: <none>

TIMING-18#79 Warning
Missing input or output delay  
An input delay is missing on B[22] relative to clock(s) clk1
Related violations: <none>

TIMING-18#80 Warning
Missing input or output delay  
An input delay is missing on B[23] relative to clock(s) clk1
Related violations: <none>

TIMING-18#81 Warning
Missing input or output delay  
An input delay is missing on B[24] relative to clock(s) clk1
Related violations: <none>

TIMING-18#82 Warning
Missing input or output delay  
An input delay is missing on B[25] relative to clock(s) clk1
Related violations: <none>

TIMING-18#83 Warning
Missing input or output delay  
An input delay is missing on B[26] relative to clock(s) clk1
Related violations: <none>

TIMING-18#84 Warning
Missing input or output delay  
An input delay is missing on B[27] relative to clock(s) clk1
Related violations: <none>

TIMING-18#85 Warning
Missing input or output delay  
An input delay is missing on B[28] relative to clock(s) clk1
Related violations: <none>

TIMING-18#86 Warning
Missing input or output delay  
An input delay is missing on B[29] relative to clock(s) clk1
Related violations: <none>

TIMING-18#87 Warning
Missing input or output delay  
An input delay is missing on B[2] relative to clock(s) clk1
Related violations: <none>

TIMING-18#88 Warning
Missing input or output delay  
An input delay is missing on B[30] relative to clock(s) clk1
Related violations: <none>

TIMING-18#89 Warning
Missing input or output delay  
An input delay is missing on B[31] relative to clock(s) clk1
Related violations: <none>

TIMING-18#90 Warning
Missing input or output delay  
An input delay is missing on B[32] relative to clock(s) clk1
Related violations: <none>

TIMING-18#91 Warning
Missing input or output delay  
An input delay is missing on B[33] relative to clock(s) clk1
Related violations: <none>

TIMING-18#92 Warning
Missing input or output delay  
An input delay is missing on B[34] relative to clock(s) clk1
Related violations: <none>

TIMING-18#93 Warning
Missing input or output delay  
An input delay is missing on B[35] relative to clock(s) clk1
Related violations: <none>

TIMING-18#94 Warning
Missing input or output delay  
An input delay is missing on B[36] relative to clock(s) clk1
Related violations: <none>

TIMING-18#95 Warning
Missing input or output delay  
An input delay is missing on B[37] relative to clock(s) clk1
Related violations: <none>

TIMING-18#96 Warning
Missing input or output delay  
An input delay is missing on B[38] relative to clock(s) clk1
Related violations: <none>

TIMING-18#97 Warning
Missing input or output delay  
An input delay is missing on B[39] relative to clock(s) clk1
Related violations: <none>

TIMING-18#98 Warning
Missing input or output delay  
An input delay is missing on B[3] relative to clock(s) clk1
Related violations: <none>

TIMING-18#99 Warning
Missing input or output delay  
An input delay is missing on B[40] relative to clock(s) clk1
Related violations: <none>

TIMING-18#100 Warning
Missing input or output delay  
An input delay is missing on B[41] relative to clock(s) clk1
Related violations: <none>

TIMING-18#101 Warning
Missing input or output delay  
An input delay is missing on B[42] relative to clock(s) clk1
Related violations: <none>

TIMING-18#102 Warning
Missing input or output delay  
An input delay is missing on B[43] relative to clock(s) clk1
Related violations: <none>

TIMING-18#103 Warning
Missing input or output delay  
An input delay is missing on B[44] relative to clock(s) clk1
Related violations: <none>

TIMING-18#104 Warning
Missing input or output delay  
An input delay is missing on B[45] relative to clock(s) clk1
Related violations: <none>

TIMING-18#105 Warning
Missing input or output delay  
An input delay is missing on B[46] relative to clock(s) clk1
Related violations: <none>

TIMING-18#106 Warning
Missing input or output delay  
An input delay is missing on B[47] relative to clock(s) clk1
Related violations: <none>

TIMING-18#107 Warning
Missing input or output delay  
An input delay is missing on B[48] relative to clock(s) clk1
Related violations: <none>

TIMING-18#108 Warning
Missing input or output delay  
An input delay is missing on B[49] relative to clock(s) clk1
Related violations: <none>

TIMING-18#109 Warning
Missing input or output delay  
An input delay is missing on B[4] relative to clock(s) clk1
Related violations: <none>

TIMING-18#110 Warning
Missing input or output delay  
An input delay is missing on B[50] relative to clock(s) clk1
Related violations: <none>

TIMING-18#111 Warning
Missing input or output delay  
An input delay is missing on B[51] relative to clock(s) clk1
Related violations: <none>

TIMING-18#112 Warning
Missing input or output delay  
An input delay is missing on B[52] relative to clock(s) clk1
Related violations: <none>

TIMING-18#113 Warning
Missing input or output delay  
An input delay is missing on B[53] relative to clock(s) clk1
Related violations: <none>

TIMING-18#114 Warning
Missing input or output delay  
An input delay is missing on B[54] relative to clock(s) clk1
Related violations: <none>

TIMING-18#115 Warning
Missing input or output delay  
An input delay is missing on B[55] relative to clock(s) clk1
Related violations: <none>

TIMING-18#116 Warning
Missing input or output delay  
An input delay is missing on B[56] relative to clock(s) clk1
Related violations: <none>

TIMING-18#117 Warning
Missing input or output delay  
An input delay is missing on B[57] relative to clock(s) clk1
Related violations: <none>

TIMING-18#118 Warning
Missing input or output delay  
An input delay is missing on B[58] relative to clock(s) clk1
Related violations: <none>

TIMING-18#119 Warning
Missing input or output delay  
An input delay is missing on B[59] relative to clock(s) clk1
Related violations: <none>

TIMING-18#120 Warning
Missing input or output delay  
An input delay is missing on B[5] relative to clock(s) clk1
Related violations: <none>

TIMING-18#121 Warning
Missing input or output delay  
An input delay is missing on B[60] relative to clock(s) clk1
Related violations: <none>

TIMING-18#122 Warning
Missing input or output delay  
An input delay is missing on B[61] relative to clock(s) clk1
Related violations: <none>

TIMING-18#123 Warning
Missing input or output delay  
An input delay is missing on B[62] relative to clock(s) clk1
Related violations: <none>

TIMING-18#124 Warning
Missing input or output delay  
An input delay is missing on B[63] relative to clock(s) clk1
Related violations: <none>

TIMING-18#125 Warning
Missing input or output delay  
An input delay is missing on B[6] relative to clock(s) clk1
Related violations: <none>

TIMING-18#126 Warning
Missing input or output delay  
An input delay is missing on B[7] relative to clock(s) clk1
Related violations: <none>

TIMING-18#127 Warning
Missing input or output delay  
An input delay is missing on B[8] relative to clock(s) clk1
Related violations: <none>

TIMING-18#128 Warning
Missing input or output delay  
An input delay is missing on B[9] relative to clock(s) clk1
Related violations: <none>

TIMING-18#129 Warning
Missing input or output delay  
An output delay is missing on R[0] relative to clock(s) clk1
Related violations: <none>

TIMING-18#130 Warning
Missing input or output delay  
An output delay is missing on R[100] relative to clock(s) clk1
Related violations: <none>

TIMING-18#131 Warning
Missing input or output delay  
An output delay is missing on R[101] relative to clock(s) clk1
Related violations: <none>

TIMING-18#132 Warning
Missing input or output delay  
An output delay is missing on R[102] relative to clock(s) clk1
Related violations: <none>

TIMING-18#133 Warning
Missing input or output delay  
An output delay is missing on R[103] relative to clock(s) clk1
Related violations: <none>

TIMING-18#134 Warning
Missing input or output delay  
An output delay is missing on R[104] relative to clock(s) clk1
Related violations: <none>

TIMING-18#135 Warning
Missing input or output delay  
An output delay is missing on R[105] relative to clock(s) clk1
Related violations: <none>

TIMING-18#136 Warning
Missing input or output delay  
An output delay is missing on R[106] relative to clock(s) clk1
Related violations: <none>

TIMING-18#137 Warning
Missing input or output delay  
An output delay is missing on R[107] relative to clock(s) clk1
Related violations: <none>

TIMING-18#138 Warning
Missing input or output delay  
An output delay is missing on R[108] relative to clock(s) clk1
Related violations: <none>

TIMING-18#139 Warning
Missing input or output delay  
An output delay is missing on R[109] relative to clock(s) clk1
Related violations: <none>

TIMING-18#140 Warning
Missing input or output delay  
An output delay is missing on R[10] relative to clock(s) clk1
Related violations: <none>

TIMING-18#141 Warning
Missing input or output delay  
An output delay is missing on R[110] relative to clock(s) clk1
Related violations: <none>

TIMING-18#142 Warning
Missing input or output delay  
An output delay is missing on R[111] relative to clock(s) clk1
Related violations: <none>

TIMING-18#143 Warning
Missing input or output delay  
An output delay is missing on R[112] relative to clock(s) clk1
Related violations: <none>

TIMING-18#144 Warning
Missing input or output delay  
An output delay is missing on R[113] relative to clock(s) clk1
Related violations: <none>

TIMING-18#145 Warning
Missing input or output delay  
An output delay is missing on R[114] relative to clock(s) clk1
Related violations: <none>

TIMING-18#146 Warning
Missing input or output delay  
An output delay is missing on R[115] relative to clock(s) clk1
Related violations: <none>

TIMING-18#147 Warning
Missing input or output delay  
An output delay is missing on R[116] relative to clock(s) clk1
Related violations: <none>

TIMING-18#148 Warning
Missing input or output delay  
An output delay is missing on R[117] relative to clock(s) clk1
Related violations: <none>

TIMING-18#149 Warning
Missing input or output delay  
An output delay is missing on R[118] relative to clock(s) clk1
Related violations: <none>

TIMING-18#150 Warning
Missing input or output delay  
An output delay is missing on R[119] relative to clock(s) clk1
Related violations: <none>

TIMING-18#151 Warning
Missing input or output delay  
An output delay is missing on R[11] relative to clock(s) clk1
Related violations: <none>

TIMING-18#152 Warning
Missing input or output delay  
An output delay is missing on R[120] relative to clock(s) clk1
Related violations: <none>

TIMING-18#153 Warning
Missing input or output delay  
An output delay is missing on R[121] relative to clock(s) clk1
Related violations: <none>

TIMING-18#154 Warning
Missing input or output delay  
An output delay is missing on R[122] relative to clock(s) clk1
Related violations: <none>

TIMING-18#155 Warning
Missing input or output delay  
An output delay is missing on R[123] relative to clock(s) clk1
Related violations: <none>

TIMING-18#156 Warning
Missing input or output delay  
An output delay is missing on R[124] relative to clock(s) clk1
Related violations: <none>

TIMING-18#157 Warning
Missing input or output delay  
An output delay is missing on R[125] relative to clock(s) clk1
Related violations: <none>

TIMING-18#158 Warning
Missing input or output delay  
An output delay is missing on R[126] relative to clock(s) clk1
Related violations: <none>

TIMING-18#159 Warning
Missing input or output delay  
An output delay is missing on R[127] relative to clock(s) clk1
Related violations: <none>

TIMING-18#160 Warning
Missing input or output delay  
An output delay is missing on R[12] relative to clock(s) clk1
Related violations: <none>

TIMING-18#161 Warning
Missing input or output delay  
An output delay is missing on R[13] relative to clock(s) clk1
Related violations: <none>

TIMING-18#162 Warning
Missing input or output delay  
An output delay is missing on R[14] relative to clock(s) clk1
Related violations: <none>

TIMING-18#163 Warning
Missing input or output delay  
An output delay is missing on R[15] relative to clock(s) clk1
Related violations: <none>

TIMING-18#164 Warning
Missing input or output delay  
An output delay is missing on R[16] relative to clock(s) clk1
Related violations: <none>

TIMING-18#165 Warning
Missing input or output delay  
An output delay is missing on R[17] relative to clock(s) clk1
Related violations: <none>

TIMING-18#166 Warning
Missing input or output delay  
An output delay is missing on R[18] relative to clock(s) clk1
Related violations: <none>

TIMING-18#167 Warning
Missing input or output delay  
An output delay is missing on R[19] relative to clock(s) clk1
Related violations: <none>

TIMING-18#168 Warning
Missing input or output delay  
An output delay is missing on R[1] relative to clock(s) clk1
Related violations: <none>

TIMING-18#169 Warning
Missing input or output delay  
An output delay is missing on R[20] relative to clock(s) clk1
Related violations: <none>

TIMING-18#170 Warning
Missing input or output delay  
An output delay is missing on R[21] relative to clock(s) clk1
Related violations: <none>

TIMING-18#171 Warning
Missing input or output delay  
An output delay is missing on R[22] relative to clock(s) clk1
Related violations: <none>

TIMING-18#172 Warning
Missing input or output delay  
An output delay is missing on R[23] relative to clock(s) clk1
Related violations: <none>

TIMING-18#173 Warning
Missing input or output delay  
An output delay is missing on R[24] relative to clock(s) clk1
Related violations: <none>

TIMING-18#174 Warning
Missing input or output delay  
An output delay is missing on R[25] relative to clock(s) clk1
Related violations: <none>

TIMING-18#175 Warning
Missing input or output delay  
An output delay is missing on R[26] relative to clock(s) clk1
Related violations: <none>

TIMING-18#176 Warning
Missing input or output delay  
An output delay is missing on R[27] relative to clock(s) clk1
Related violations: <none>

TIMING-18#177 Warning
Missing input or output delay  
An output delay is missing on R[28] relative to clock(s) clk1
Related violations: <none>

TIMING-18#178 Warning
Missing input or output delay  
An output delay is missing on R[29] relative to clock(s) clk1
Related violations: <none>

TIMING-18#179 Warning
Missing input or output delay  
An output delay is missing on R[2] relative to clock(s) clk1
Related violations: <none>

TIMING-18#180 Warning
Missing input or output delay  
An output delay is missing on R[30] relative to clock(s) clk1
Related violations: <none>

TIMING-18#181 Warning
Missing input or output delay  
An output delay is missing on R[31] relative to clock(s) clk1
Related violations: <none>

TIMING-18#182 Warning
Missing input or output delay  
An output delay is missing on R[32] relative to clock(s) clk1
Related violations: <none>

TIMING-18#183 Warning
Missing input or output delay  
An output delay is missing on R[33] relative to clock(s) clk1
Related violations: <none>

TIMING-18#184 Warning
Missing input or output delay  
An output delay is missing on R[34] relative to clock(s) clk1
Related violations: <none>

TIMING-18#185 Warning
Missing input or output delay  
An output delay is missing on R[35] relative to clock(s) clk1
Related violations: <none>

TIMING-18#186 Warning
Missing input or output delay  
An output delay is missing on R[36] relative to clock(s) clk1
Related violations: <none>

TIMING-18#187 Warning
Missing input or output delay  
An output delay is missing on R[37] relative to clock(s) clk1
Related violations: <none>

TIMING-18#188 Warning
Missing input or output delay  
An output delay is missing on R[38] relative to clock(s) clk1
Related violations: <none>

TIMING-18#189 Warning
Missing input or output delay  
An output delay is missing on R[39] relative to clock(s) clk1
Related violations: <none>

TIMING-18#190 Warning
Missing input or output delay  
An output delay is missing on R[3] relative to clock(s) clk1
Related violations: <none>

TIMING-18#191 Warning
Missing input or output delay  
An output delay is missing on R[40] relative to clock(s) clk1
Related violations: <none>

TIMING-18#192 Warning
Missing input or output delay  
An output delay is missing on R[41] relative to clock(s) clk1
Related violations: <none>

TIMING-18#193 Warning
Missing input or output delay  
An output delay is missing on R[42] relative to clock(s) clk1
Related violations: <none>

TIMING-18#194 Warning
Missing input or output delay  
An output delay is missing on R[43] relative to clock(s) clk1
Related violations: <none>

TIMING-18#195 Warning
Missing input or output delay  
An output delay is missing on R[44] relative to clock(s) clk1
Related violations: <none>

TIMING-18#196 Warning
Missing input or output delay  
An output delay is missing on R[45] relative to clock(s) clk1
Related violations: <none>

TIMING-18#197 Warning
Missing input or output delay  
An output delay is missing on R[46] relative to clock(s) clk1
Related violations: <none>

TIMING-18#198 Warning
Missing input or output delay  
An output delay is missing on R[47] relative to clock(s) clk1
Related violations: <none>

TIMING-18#199 Warning
Missing input or output delay  
An output delay is missing on R[48] relative to clock(s) clk1
Related violations: <none>

TIMING-18#200 Warning
Missing input or output delay  
An output delay is missing on R[49] relative to clock(s) clk1
Related violations: <none>

TIMING-18#201 Warning
Missing input or output delay  
An output delay is missing on R[4] relative to clock(s) clk1
Related violations: <none>

TIMING-18#202 Warning
Missing input or output delay  
An output delay is missing on R[50] relative to clock(s) clk1
Related violations: <none>

TIMING-18#203 Warning
Missing input or output delay  
An output delay is missing on R[51] relative to clock(s) clk1
Related violations: <none>

TIMING-18#204 Warning
Missing input or output delay  
An output delay is missing on R[52] relative to clock(s) clk1
Related violations: <none>

TIMING-18#205 Warning
Missing input or output delay  
An output delay is missing on R[53] relative to clock(s) clk1
Related violations: <none>

TIMING-18#206 Warning
Missing input or output delay  
An output delay is missing on R[54] relative to clock(s) clk1
Related violations: <none>

TIMING-18#207 Warning
Missing input or output delay  
An output delay is missing on R[55] relative to clock(s) clk1
Related violations: <none>

TIMING-18#208 Warning
Missing input or output delay  
An output delay is missing on R[56] relative to clock(s) clk1
Related violations: <none>

TIMING-18#209 Warning
Missing input or output delay  
An output delay is missing on R[57] relative to clock(s) clk1
Related violations: <none>

TIMING-18#210 Warning
Missing input or output delay  
An output delay is missing on R[58] relative to clock(s) clk1
Related violations: <none>

TIMING-18#211 Warning
Missing input or output delay  
An output delay is missing on R[59] relative to clock(s) clk1
Related violations: <none>

TIMING-18#212 Warning
Missing input or output delay  
An output delay is missing on R[5] relative to clock(s) clk1
Related violations: <none>

TIMING-18#213 Warning
Missing input or output delay  
An output delay is missing on R[60] relative to clock(s) clk1
Related violations: <none>

TIMING-18#214 Warning
Missing input or output delay  
An output delay is missing on R[61] relative to clock(s) clk1
Related violations: <none>

TIMING-18#215 Warning
Missing input or output delay  
An output delay is missing on R[62] relative to clock(s) clk1
Related violations: <none>

TIMING-18#216 Warning
Missing input or output delay  
An output delay is missing on R[63] relative to clock(s) clk1
Related violations: <none>

TIMING-18#217 Warning
Missing input or output delay  
An output delay is missing on R[64] relative to clock(s) clk1
Related violations: <none>

TIMING-18#218 Warning
Missing input or output delay  
An output delay is missing on R[65] relative to clock(s) clk1
Related violations: <none>

TIMING-18#219 Warning
Missing input or output delay  
An output delay is missing on R[66] relative to clock(s) clk1
Related violations: <none>

TIMING-18#220 Warning
Missing input or output delay  
An output delay is missing on R[67] relative to clock(s) clk1
Related violations: <none>

TIMING-18#221 Warning
Missing input or output delay  
An output delay is missing on R[68] relative to clock(s) clk1
Related violations: <none>

TIMING-18#222 Warning
Missing input or output delay  
An output delay is missing on R[69] relative to clock(s) clk1
Related violations: <none>

TIMING-18#223 Warning
Missing input or output delay  
An output delay is missing on R[6] relative to clock(s) clk1
Related violations: <none>

TIMING-18#224 Warning
Missing input or output delay  
An output delay is missing on R[70] relative to clock(s) clk1
Related violations: <none>

TIMING-18#225 Warning
Missing input or output delay  
An output delay is missing on R[71] relative to clock(s) clk1
Related violations: <none>

TIMING-18#226 Warning
Missing input or output delay  
An output delay is missing on R[72] relative to clock(s) clk1
Related violations: <none>

TIMING-18#227 Warning
Missing input or output delay  
An output delay is missing on R[73] relative to clock(s) clk1
Related violations: <none>

TIMING-18#228 Warning
Missing input or output delay  
An output delay is missing on R[74] relative to clock(s) clk1
Related violations: <none>

TIMING-18#229 Warning
Missing input or output delay  
An output delay is missing on R[75] relative to clock(s) clk1
Related violations: <none>

TIMING-18#230 Warning
Missing input or output delay  
An output delay is missing on R[76] relative to clock(s) clk1
Related violations: <none>

TIMING-18#231 Warning
Missing input or output delay  
An output delay is missing on R[77] relative to clock(s) clk1
Related violations: <none>

TIMING-18#232 Warning
Missing input or output delay  
An output delay is missing on R[78] relative to clock(s) clk1
Related violations: <none>

TIMING-18#233 Warning
Missing input or output delay  
An output delay is missing on R[79] relative to clock(s) clk1
Related violations: <none>

TIMING-18#234 Warning
Missing input or output delay  
An output delay is missing on R[7] relative to clock(s) clk1
Related violations: <none>

TIMING-18#235 Warning
Missing input or output delay  
An output delay is missing on R[80] relative to clock(s) clk1
Related violations: <none>

TIMING-18#236 Warning
Missing input or output delay  
An output delay is missing on R[81] relative to clock(s) clk1
Related violations: <none>

TIMING-18#237 Warning
Missing input or output delay  
An output delay is missing on R[82] relative to clock(s) clk1
Related violations: <none>

TIMING-18#238 Warning
Missing input or output delay  
An output delay is missing on R[83] relative to clock(s) clk1
Related violations: <none>

TIMING-18#239 Warning
Missing input or output delay  
An output delay is missing on R[84] relative to clock(s) clk1
Related violations: <none>

TIMING-18#240 Warning
Missing input or output delay  
An output delay is missing on R[85] relative to clock(s) clk1
Related violations: <none>

TIMING-18#241 Warning
Missing input or output delay  
An output delay is missing on R[86] relative to clock(s) clk1
Related violations: <none>

TIMING-18#242 Warning
Missing input or output delay  
An output delay is missing on R[87] relative to clock(s) clk1
Related violations: <none>

TIMING-18#243 Warning
Missing input or output delay  
An output delay is missing on R[88] relative to clock(s) clk1
Related violations: <none>

TIMING-18#244 Warning
Missing input or output delay  
An output delay is missing on R[89] relative to clock(s) clk1
Related violations: <none>

TIMING-18#245 Warning
Missing input or output delay  
An output delay is missing on R[8] relative to clock(s) clk1
Related violations: <none>

TIMING-18#246 Warning
Missing input or output delay  
An output delay is missing on R[90] relative to clock(s) clk1
Related violations: <none>

TIMING-18#247 Warning
Missing input or output delay  
An output delay is missing on R[91] relative to clock(s) clk1
Related violations: <none>

TIMING-18#248 Warning
Missing input or output delay  
An output delay is missing on R[92] relative to clock(s) clk1
Related violations: <none>

TIMING-18#249 Warning
Missing input or output delay  
An output delay is missing on R[93] relative to clock(s) clk1
Related violations: <none>

TIMING-18#250 Warning
Missing input or output delay  
An output delay is missing on R[94] relative to clock(s) clk1
Related violations: <none>

TIMING-18#251 Warning
Missing input or output delay  
An output delay is missing on R[95] relative to clock(s) clk1
Related violations: <none>

TIMING-18#252 Warning
Missing input or output delay  
An output delay is missing on R[96] relative to clock(s) clk1
Related violations: <none>

TIMING-18#253 Warning
Missing input or output delay  
An output delay is missing on R[97] relative to clock(s) clk1
Related violations: <none>

TIMING-18#254 Warning
Missing input or output delay  
An output delay is missing on R[98] relative to clock(s) clk1
Related violations: <none>

TIMING-18#255 Warning
Missing input or output delay  
An output delay is missing on R[99] relative to clock(s) clk1
Related violations: <none>

TIMING-18#256 Warning
Missing input or output delay  
An output delay is missing on R[9] relative to clock(s) clk1
Related violations: <none>


